<?xml version="1.0" encoding="UTF-8"?>
<!-- Generated by org.testng.reporters.JUnitXMLReporter -->
<testsuite hostname="DESKTOP-INQUNRP" ignored="1" name="Login testTest" tests="7" failures="7" timestamp="2021-02-06T13:34:25 EST" time="0.159" errors="0">
  <testcase name="homePageValidationTest" time="0.047" classname="pageObjectModelTests.PagefactoryTest">
    <failure type="java.lang.NullPointerException">
      <![CDATA[java.lang.NullPointerException
at pageObjectModelPages.PageFactoryPage.homePageTitleTest(PageFactoryPage.java:84)
at pageObjectModelTests.PagefactoryTest.homePageValidationTest(PagefactoryTest.java:29)
at java.util.ArrayList.forEach(Unknown Source)
... Removed 27 stack frames]]>
    </failure>
  </testcase> <!-- homePageValidationTest -->
  <testcase name="loginLinkTest" time="0.026" classname="pageObjectModelTests.PagefactoryTest">
    <failure type="java.lang.IllegalArgumentException" message="Input must be set">
      <![CDATA[java.lang.IllegalArgumentException: Input must be set
at org.openqa.selenium.internal.Require.nonNull(Require.java:51)
at org.openqa.selenium.support.ui.FluentWait.<init>(FluentWait.java:100)
at org.openqa.selenium.support.ui.WebDriverWait.<init>(WebDriverWait.java:128)
at org.openqa.selenium.support.ui.WebDriverWait.<init>(WebDriverWait.java:61)
at pageObjectModelPages.PageFactoryPage.clickOnLoginLink(PageFactoryPage.java:43)
at pageObjectModelTests.PagefactoryTest.loginLinkTest(PagefactoryTest.java:36)
at java.util.ArrayList.forEach(Unknown Source)
... Removed 27 stack frames]]>
    </failure>
  </testcase> <!-- loginLinkTest -->
  <testcase name="switchToChildWindow" time="0.002" classname="pageObjectModelTests.PagefactoryTest">
    <failure type="java.lang.IllegalArgumentException" message="Input must be set">
      <![CDATA[java.lang.IllegalArgumentException: Input must be set
at org.openqa.selenium.internal.Require.nonNull(Require.java:51)
at org.openqa.selenium.support.ui.FluentWait.<init>(FluentWait.java:100)
at org.openqa.selenium.support.ui.WebDriverWait.<init>(WebDriverWait.java:128)
at org.openqa.selenium.support.ui.WebDriverWait.<init>(WebDriverWait.java:61)
at pageObjectModelPages.PageFactoryPage.switchToChildWindow(PageFactoryPage.java:48)
at pageObjectModelTests.PagefactoryTest.switchToChildWindow(PagefactoryTest.java:43)
at java.util.ArrayList.forEach(Unknown Source)
... Removed 27 stack frames]]>
    </failure>
  </testcase> <!-- switchToChildWindow -->
  <testcase name="userNameTest" time="0.004" classname="pageObjectModelTests.PagefactoryTest">
    <failure type="java.lang.NullPointerException">
      <![CDATA[java.lang.NullPointerException
at org.openqa.selenium.support.pagefactory.DefaultElementLocator.findElement(DefaultElementLocator.java:70)
at org.openqa.selenium.support.pagefactory.internal.LocatingElementHandler.invoke(LocatingElementHandler.java:39)
at com.sun.proxy.$Proxy9.sendKeys(Unknown Source)
at pageObjectModelPages.PageFactoryPage.userNameFunctionaltyTest(PageFactoryPage.java:63)
at pageObjectModelTests.PagefactoryTest.userNameTest(PagefactoryTest.java:50)
at java.util.ArrayList.forEach(Unknown Source)
... Removed 27 stack frames]]>
    </failure>
  </testcase> <!-- userNameTest -->
  <testcase name="passwordTest" time="0.001" classname="pageObjectModelTests.PagefactoryTest">
    <failure type="java.lang.NullPointerException">
      <![CDATA[java.lang.NullPointerException
at org.openqa.selenium.support.pagefactory.DefaultElementLocator.findElement(DefaultElementLocator.java:70)
at org.openqa.selenium.support.pagefactory.internal.LocatingElementHandler.invoke(LocatingElementHandler.java:39)
at com.sun.proxy.$Proxy9.sendKeys(Unknown Source)
at pageObjectModelPages.PageFactoryPage.passwordFunctionaltyTest(PageFactoryPage.java:71)
at pageObjectModelTests.PagefactoryTest.passwordTest(PagefactoryTest.java:56)
at java.util.ArrayList.forEach(Unknown Source)
... Removed 27 stack frames]]>
    </failure>
  </testcase> <!-- passwordTest -->
  <testcase name="ubmitTest" time="0.001" classname="pageObjectModelTests.PagefactoryTest">
    <failure type="java.lang.NullPointerException">
      <![CDATA[java.lang.NullPointerException
at org.openqa.selenium.support.pagefactory.DefaultElementLocator.findElement(DefaultElementLocator.java:70)
at org.openqa.selenium.support.pagefactory.internal.LocatingElementHandler.invoke(LocatingElementHandler.java:39)
at com.sun.proxy.$Proxy9.click(Unknown Source)
at pageObjectModelPages.PageFactoryPage.submitFunctionaltyTest(PageFactoryPage.java:78)
at pageObjectModelTests.PagefactoryTest.ubmitTest(PagefactoryTest.java:62)
at java.util.ArrayList.forEach(Unknown Source)
... Removed 27 stack frames]]>
    </failure>
  </testcase> <!-- ubmitTest -->
  <testcase name="landingPageValidationTest" time="0.005" classname="pageObjectModelTests.PagefactoryTest">
    <failure type="java.lang.NullPointerException">
      <![CDATA[java.lang.NullPointerException
at pageObjectModelPages.PageFactoryPage.landingPageValidationTest(PageFactoryPage.java:98)
at pageObjectModelTests.PagefactoryTest.landingPageValidationTest(PagefactoryTest.java:75)
at java.util.ArrayList.forEach(Unknown Source)
... Removed 27 stack frames]]>
    </failure>
  </testcase> <!-- landingPageValidationTest -->
  <testcase name="loginRegressionTest" time="0.0" classname="pageObjectModelTests.PagefactoryTest">
    <ignored/>
  </testcase> <!-- loginRegressionTest -->
</testsuite> <!-- Login testTest -->
