<?xml version="1.0" encoding="UTF-8"?>
<!-- Generated by org.testng.reporters.JUnitXMLReporter -->
<testsuite hostname="DESKTOP-INQUNRP" ignored="5" name="smoke Test" tests="3" failures="1" timestamp="2021-02-06T19:45:45 EST" time="20.675" errors="0">
  <testcase name="homePageValidationTest" time="0.021" classname="pageObjectModelTests.PagefactoryTest"/>
  <testcase name="loginRegressionTest" time="5.045" classname="pageObjectModelTests.PagefactoryTest"/>
  <testcase name="landingPageValidationTest" time="0.23" classname="pageObjectModelTests.PagefactoryTest">
    <failure type="java.lang.AssertionError" message="The following asserts failed:
	Did not match expected [https://myaccount.assurancewireless.com/login/login.do] but found [https://myaccount.assurancewireless.com/myaccount/home.do],
	did not expect to find [true] but found [false]">
      <![CDATA[java.lang.AssertionError: The following asserts failed:
Did not match expected [https://myaccount.assurancewireless.com/login/login.do] but found [https://myaccount.assurancewireless.com/myaccount/home.do],
did not expect to find [true] but found [false]
at pageObjectModelPages.PageFactoryPage.landingPageValidationTest(PageFactoryPage.java:102)
at pageObjectModelTests.PagefactoryTest.landingPageValidationTest(PagefactoryTest.java:75)
at java.util.ArrayList.forEach(Unknown Source)
... Removed 29 stack frames]]>
    </failure>
  </testcase> <!-- landingPageValidationTest -->
  <testcase name="passwordTest" time="0.0" classname="pageObjectModelTests.PagefactoryTest">
    <ignored/>
  </testcase> <!-- passwordTest -->
  <testcase name="ubmitTest" time="0.0" classname="pageObjectModelTests.PagefactoryTest">
    <ignored/>
  </testcase> <!-- ubmitTest -->
  <testcase name="loginLinkTest" time="0.0" classname="pageObjectModelTests.PagefactoryTest">
    <ignored/>
  </testcase> <!-- loginLinkTest -->
  <testcase name="switchToChildWindow" time="0.0" classname="pageObjectModelTests.PagefactoryTest">
    <ignored/>
  </testcase> <!-- switchToChildWindow -->
  <testcase name="userNameTest" time="0.0" classname="pageObjectModelTests.PagefactoryTest">
    <ignored/>
  </testcase> <!-- userNameTest -->
</testsuite> <!-- smoke Test -->
